  MyForm.cpp
c:\users\rodri\source\repos\sw32-tp-201822706-201819011-u20181b001\puppy\puppy\base.h(63): warning C4996: 'strcpy': This function or variable may be unsafe. Consider using strcpy_s instead. To disable deprecation, use _CRT_SECURE_NO_WARNINGS. See online help for details.
  c:\program files (x86)\windows kits\10\include\10.0.17763.0\ucrt\string.h(133): note: vea la declaración de 'strcpy'
c:\users\rodri\source\repos\sw32-tp-201822706-201819011-u20181b001\puppy\puppy\juego.h(85): warning C4244: 'argumento': conversión de 'float' a 'int'; posible pérdida de datos
c:\users\rodri\source\repos\sw32-tp-201822706-201819011-u20181b001\puppy\puppy\juego.h(134): warning C4620: no se encontró ninguna forma postfija de 'operator ++' para el tipo 'Iterator<T>'; se utiliza la forma de prefijo
          with
          [
              T=Torreta *
          ]
  c:\users\rodri\source\repos\sw32-tp-201822706-201819011-u20181b001\puppy\puppy\linkedlist.h(106): note: vea la declaración de 'Iterator<T>'
          with
          [
              T=Torreta *
          ]
c:\users\rodri\source\repos\sw32-tp-201822706-201819011-u20181b001\puppy\puppy\juego.h(179): warning C4620: no se encontró ninguna forma postfija de 'operator ++' para el tipo 'Iterator<T>'; se utiliza la forma de prefijo
          with
          [
              T=Items *
          ]
  c:\users\rodri\source\repos\sw32-tp-201822706-201819011-u20181b001\puppy\puppy\linkedlist.h(106): note: vea la declaración de 'Iterator<T>'
          with
          [
              T=Items *
          ]
c:\users\rodri\source\repos\sw32-tp-201822706-201819011-u20181b001\puppy\puppy\juego.h(212): warning C4620: no se encontró ninguna forma postfija de 'operator ++' para el tipo 'Iterator<T>'; se utiliza la forma de prefijo
          with
          [
              T=Heli *
          ]
  c:\users\rodri\source\repos\sw32-tp-201822706-201819011-u20181b001\puppy\puppy\linkedlist.h(106): note: vea la declaración de 'Iterator<T>'
          with
          [
              T=Heli *
          ]
c:\users\rodri\source\repos\sw32-tp-201822706-201819011-u20181b001\puppy\puppy\juego.h(228): warning C4620: no se encontró ninguna forma postfija de 'operator ++' para el tipo 'Iterator<T>'; se utiliza la forma de prefijo
          with
          [
              T=DisparoT *
          ]
  c:\users\rodri\source\repos\sw32-tp-201822706-201819011-u20181b001\puppy\puppy\linkedlist.h(106): note: vea la declaración de 'Iterator<T>'
          with
          [
              T=DisparoT *
          ]
c:\users\rodri\source\repos\sw32-tp-201822706-201819011-u20181b001\puppy\puppy\juego.h(244): warning C4620: no se encontró ninguna forma postfija de 'operator ++' para el tipo 'Iterator<T>'; se utiliza la forma de prefijo
          with
          [
              T=Torreta *
          ]
  c:\users\rodri\source\repos\sw32-tp-201822706-201819011-u20181b001\puppy\puppy\linkedlist.h(106): note: vea la declaración de 'Iterator<T>'
          with
          [
              T=Torreta *
          ]
c:\users\rodri\source\repos\sw32-tp-201822706-201819011-u20181b001\puppy\puppy\myform.cpp(4): warning C4829: Parámetros posiblemente incorrectos para la función main. Utilice 'int main(Platform::Array<Platform::String^>^ argv)'
c:\users\rodri\source\repos\sw32-tp-201822706-201819011-u20181b001\puppy\puppy\linkedlist.h(53): warning C4018: '<': no coinciden signed/unsigned
  c:\users\rodri\source\repos\sw32-tp-201822706-201819011-u20181b001\puppy\puppy\linkedlist.h(52): note: durante la compilación de la función miembro de plantilla clase de 'void LinkedList<Items *>::DeletePos(unsigned int)'
  c:\users\rodri\source\repos\sw32-tp-201822706-201819011-u20181b001\puppy\puppy\juego.h(198): note: vea la referencia a la creación de instancias de plantilla de función 'void LinkedList<Items *>::DeletePos(unsigned int)' que se está compilando
  c:\users\rodri\source\repos\sw32-tp-201822706-201819011-u20181b001\puppy\puppy\juego.h(23): note: vea la referencia a la creación de instancias de plantilla clase de 'LinkedList<Items *>' que se está compilando
c:\users\rodri\source\repos\sw32-tp-201822706-201819011-u20181b001\puppy\puppy\linkedlist.h(56): warning C4018: '<': no coinciden signed/unsigned
c:\users\rodri\source\repos\sw32-tp-201822706-201819011-u20181b001\puppy\puppy\linkedlist.h(70): warning C4018: '<': no coinciden signed/unsigned
  c:\users\rodri\source\repos\sw32-tp-201822706-201819011-u20181b001\puppy\puppy\linkedlist.h(67): note: durante la compilación de la función miembro de plantilla clase de 'Node<T> *LinkedList<T>::GetNode(int)'
          with
          [
              T=Items *
          ]
  c:\users\rodri\source\repos\sw32-tp-201822706-201819011-u20181b001\puppy\puppy\linkedlist.h(57): note: vea la referencia a la creación de instancias de plantilla de función 'Node<T> *LinkedList<T>::GetNode(int)' que se está compilando
          with
          [
              T=Items *
          ]
  DisparoT.obj : se encontró un módulo MSIL; vinculación incremental deshabilitada para MSIL; ejecutando vínculo completo
  Puppy.vcxproj -> C:\Users\rodri\source\repos\SW32-TP-201822706-201819011-u20181b001\Puppy\x64\Debug\Puppy.exe
